<?xml version="1.0" encoding="UTF-8"?>
<testsuite xmlns:xsi="http://www.w3.org/2001/XMLSchema-instance" xsi:noNamespaceSchemaLocation="https://maven.apache.org/surefire/maven-surefire-plugin/xsd/surefire-test-report.xsd" version="3.0.2" name="dao.OrderDAOTest" time="30.681" tests="1" errors="1" skipped="0" failures="0">
  <properties>
[...]
</properties>
  <testcase name="testAddOrder" classname="dao.OrderDAOTest" time="30.679">
    <error message="Cannot invoke &quot;java.sql.Connection.setAutoCommit(boolean)&quot; because &quot;dao.OrderDAO.con&quot; is null" type="java.lang.NullPointerException"><![CDATA[java.lang.NullPointerException: Cannot invoke "java.sql.Connection.setAutoCommit(boolean)" because "dao.OrderDAO.con" is null
	at dao.OrderDAO.addOrder(OrderDAO.java:62)
	at dao.OrderDAOTest.testAddOrder(OrderDAOTest.java:49)
	at java.base/java.lang.reflect.Method.invoke(Method.java:565)
	at java.base/java.util.ArrayList.forEach(ArrayList.java:1612)
	at java.base/java.util.ArrayList.forEach(ArrayList.java:1612)
]]></error>
    <system-out><![CDATA[addOrder
Lỗi kết nối CSDL: The connection to the host localhost, named instance SQLEXPRESS failed. Error: "java.net.SocketTimeoutException: Receive timed out". Verify the server and instance names and check that no firewall is blocking UDP traffic to port 1434. For SQL Server 2005 or later, verify that the SQL Server Browser Service is running on the host.
]]></system-out>
  </testcase>
</testsuite>