<?xml version="1.0" encoding="UTF-8"?>
<testsuite xmlns:xsi="http://www.w3.org/2001/XMLSchema-instance" xsi:noNamespaceSchemaLocation="https://maven.apache.org/surefire/maven-surefire-plugin/xsd/surefire-test-report-3.0.xsd" version="3.0" name="dao.OrderDAOTest" time="0.78" tests="4" errors="0" skipped="0" failures="0">
  <properties>
[...]
</properties>
  <testcase name="testUpdateOrderStatus" classname="dao.OrderDAOTest" time="0.671">
    <system-out><![CDATA[updateOrderStatus
Kết nối SQL Server (SQLEXPRESS) thành công!
]]></system-out>
  </testcase>
  <testcase name="testGetOrderDetail" classname="dao.OrderDAOTest" time="0.027">
    <system-out><![CDATA[getOrderDetail
]]></system-out>
  </testcase>
  <testcase name="testGetAllUnpaidOrders" classname="dao.OrderDAOTest" time="0.008">
    <system-out><![CDATA[getAllUnpaidOrders
]]></system-out>
  </testcase>
  <testcase name="testAddOrder" classname="dao.OrderDAOTest" time="0.031">
    <system-out><![CDATA[addOrder
]]></system-out>
  </testcase>
</testsuite>